This file contains any messages produced by compilers while
running configure, to aid debugging if configure makes a mistake.

It was created by libusb-compat configure 0.1.5, which was
generated by GNU Autoconf 2.69.  Invocation command line was

  $ ./configure --host=arm-none-linux-gnueabi

## --------- ##
## Platform. ##
## --------- ##

hostname = xxha-PAF4
uname -m = i686
uname -r = 3.5.0-28-generic
uname -s = Linux
uname -v = #47-Ubuntu SMP Tue Apr 9 18:58:12 UTC 2013

/usr/bin/uname -p = unknown
/bin/uname -X     = unknown

/bin/arch              = unknown
/usr/bin/arch -k       = unknown
/usr/convex/getsysinfo = unknown
/usr/bin/hostinfo      = unknown
/bin/machine           = unknown
/usr/bin/oslevel       = unknown
/bin/universe          = unknown

PATH: /home/xxha/.rbenv/shims
PATH: /home/xxha/.rbenv/bin
PATH: /usr/local/sbin
PATH: /usr/local/bin
PATH: /usr/sbin
PATH: /usr/bin
PATH: /sbin
PATH: /bin
PATH: /usr/games
PATH: /usr/local/games
PATH: /home/xxha/cross_compile/gcc-4.1.2-glibc-2.5-nptl-3/arm-none-linux-gnueabi/bin/
PATH: /home/xxha/veex/igm/cross-tools/powerpc-860-linux-gnu/bin
PATH: /usr/local/arm/3.4.1/bin
PATH: /home/xxha/veex/tx300s/cross-tools/arm-fsl-linux-gnueabi/bin


## ----------- ##
## Core tests. ##
## ----------- ##

configure:2188: checking for a BSD-compatible install
configure:2256: result: /usr/bin/install -c
configure:2267: checking whether build environment is sane
configure:2322: result: yes
configure:2381: checking for arm-none-linux-gnueabi-strip
configure:2397: found /home/xxha/cross_compile/gcc-4.1.2-glibc-2.5-nptl-3/arm-none-linux-gnueabi/bin//arm-none-linux-gnueabi-strip
configure:2408: result: arm-none-linux-gnueabi-strip
configure:2473: checking for a thread-safe mkdir -p
configure:2512: result: /bin/mkdir -p
configure:2519: checking for gawk
configure:2535: found /usr/bin/gawk
configure:2546: result: gawk
configure:2557: checking whether make sets $(MAKE)
configure:2579: result: yes
configure:2608: checking whether make supports nested variables
configure:2625: result: yes
configure:2718: checking for arm-none-linux-gnueabi-gcc
configure:2734: found /home/xxha/cross_compile/gcc-4.1.2-glibc-2.5-nptl-3/arm-none-linux-gnueabi/bin//arm-none-linux-gnueabi-gcc
configure:2745: result: arm-none-linux-gnueabi-gcc
configure:3014: checking for C compiler version
configure:3023: arm-none-linux-gnueabi-gcc --version >&5
arm-none-linux-gnueabi-gcc (GCC) 4.1.2
Copyright (C) 2006 Free Software Foundation, Inc.
This is free software; see the source for copying conditions.  There is NO
warranty; not even for MERCHANTABILITY or FITNESS FOR A PARTICULAR PURPOSE.

configure:3034: $? = 0
configure:3023: arm-none-linux-gnueabi-gcc -v >&5
Using built-in specs.
Target: arm-none-linux-gnueabi
Configured with: /usr/src/redhat/BUILD/cross-mlib/source/gcc-4.1.2/configure --target=arm-none-linux-gnueabi --host=i686-host_pc-linux-gnu --prefix=/opt/freescale/usr/local/gcc-4.1.2-glibc-2.5-nptl-3/arm-none-linux-gnueabi --with-sysroot=/opt/freescale/usr/local/gcc-4.1.2-glibc-2.5-nptl-3/arm-none-linux-gnueabi/arm-none-linux-gnueabi/sysroot --enable-threads --enable-shared --disable-libssp --disable-libgomp --disable-libmudflap --enable-languages=c,c++ --enable-__cxa_atexit --disable-nls
Thread model: posix
gcc version 4.1.2
configure:3034: $? = 0
configure:3023: arm-none-linux-gnueabi-gcc -V >&5
arm-none-linux-gnueabi-gcc: '-V' option must have argument
configure:3034: $? = 1
configure:3023: arm-none-linux-gnueabi-gcc -qversion >&5
arm-none-linux-gnueabi-gcc: unrecognized option '-qversion'
arm-none-linux-gnueabi-gcc: no input files
configure:3034: $? = 1
configure:3054: checking whether the C compiler works
configure:3076: arm-none-linux-gnueabi-gcc    conftest.c  >&5
configure:3080: $? = 0
configure:3128: result: yes
configure:3131: checking for C compiler default output file name
configure:3133: result: a.out
configure:3139: checking for suffix of executables
configure:3146: arm-none-linux-gnueabi-gcc -o conftest    conftest.c  >&5
configure:3150: $? = 0
configure:3172: result: 
configure:3194: checking whether we are cross compiling
configure:3202: arm-none-linux-gnueabi-gcc -o conftest    conftest.c  >&5
configure:3206: $? = 0
configure:3213: ./conftest
./configure: line 3215: ./conftest: cannot execute binary file
configure:3217: $? = 126
configure:3232: result: yes
configure:3237: checking for suffix of object files
configure:3259: arm-none-linux-gnueabi-gcc -c   conftest.c >&5
configure:3263: $? = 0
configure:3284: result: o
configure:3288: checking whether we are using the GNU C compiler
configure:3307: arm-none-linux-gnueabi-gcc -c   conftest.c >&5
configure:3307: $? = 0
configure:3316: result: yes
configure:3325: checking whether arm-none-linux-gnueabi-gcc accepts -g
configure:3345: arm-none-linux-gnueabi-gcc -c -g  conftest.c >&5
configure:3345: $? = 0
configure:3386: result: yes
configure:3403: checking for arm-none-linux-gnueabi-gcc option to accept ISO C89
configure:3466: arm-none-linux-gnueabi-gcc  -c -g -O2  conftest.c >&5
configure:3466: $? = 0
configure:3479: result: none needed
configure:3510: checking for style of include used by make
configure:3538: result: GNU
configure:3564: checking dependency style of arm-none-linux-gnueabi-gcc
configure:3675: result: gcc3
configure:3719: checking build system type
configure:3733: result: i686-pc-linux-gnu
configure:3753: checking host system type
configure:3766: result: arm-none-linux-gnueabi
configure:3807: checking how to print strings
configure:3834: result: printf
configure:3855: checking for a sed that does not truncate output
configure:3919: result: /bin/sed
configure:3937: checking for grep that handles long lines and -e
configure:3995: result: /bin/grep
configure:4000: checking for egrep
configure:4062: result: /bin/grep -E
configure:4067: checking for fgrep
configure:4129: result: /bin/grep -F
configure:4164: checking for ld used by arm-none-linux-gnueabi-gcc
configure:4231: result: /home/xxha/cross_compile/gcc-4.1.2-glibc-2.5-nptl-3/arm-none-linux-gnueabi/arm-none-linux-gnueabi/bin/ld
configure:4238: checking if the linker (/home/xxha/cross_compile/gcc-4.1.2-glibc-2.5-nptl-3/arm-none-linux-gnueabi/arm-none-linux-gnueabi/bin/ld) is GNU ld
configure:4253: result: yes
configure:4265: checking for BSD- or MS-compatible name lister (nm)
configure:4314: result: /home/xxha/cross_compile/gcc-4.1.2-glibc-2.5-nptl-3/arm-none-linux-gnueabi/bin//arm-none-linux-gnueabi-nm -B
configure:4444: checking the name lister (/home/xxha/cross_compile/gcc-4.1.2-glibc-2.5-nptl-3/arm-none-linux-gnueabi/bin//arm-none-linux-gnueabi-nm -B) interface
configure:4451: arm-none-linux-gnueabi-gcc -c -g -O2  conftest.c >&5
configure:4454: /home/xxha/cross_compile/gcc-4.1.2-glibc-2.5-nptl-3/arm-none-linux-gnueabi/bin//arm-none-linux-gnueabi-nm -B "conftest.o"
configure:4457: output
00000000 B some_variable
configure:4464: result: BSD nm
configure:4467: checking whether ln -s works
configure:4471: result: yes
configure:4479: checking the maximum length of command line arguments
configure:4609: result: 1572864
configure:4626: checking whether the shell understands some XSI constructs
configure:4636: result: yes
configure:4640: checking whether the shell understands "+="
configure:4646: result: yes
configure:4681: checking how to convert i686-pc-linux-gnu file names to arm-none-linux-gnueabi format
configure:4721: result: func_convert_file_noop
configure:4728: checking how to convert i686-pc-linux-gnu file names to toolchain format
configure:4748: result: func_convert_file_noop
configure:4755: checking for /home/xxha/cross_compile/gcc-4.1.2-glibc-2.5-nptl-3/arm-none-linux-gnueabi/arm-none-linux-gnueabi/bin/ld option to reload object files
configure:4762: result: -r
configure:4796: checking for arm-none-linux-gnueabi-objdump
configure:4812: found /home/xxha/cross_compile/gcc-4.1.2-glibc-2.5-nptl-3/arm-none-linux-gnueabi/bin//arm-none-linux-gnueabi-objdump
configure:4823: result: arm-none-linux-gnueabi-objdump
configure:4895: checking how to recognize dependent libraries
configure:5097: result: pass_all
configure:5142: checking for arm-none-linux-gnueabi-dlltool
configure:5172: result: no
configure:5182: checking for dlltool
configure:5212: result: no
configure:5242: checking how to associate runtime and link libraries
configure:5269: result: printf %s\n
configure:5286: checking for arm-none-linux-gnueabi-ar
configure:5302: found /home/xxha/cross_compile/gcc-4.1.2-glibc-2.5-nptl-3/arm-none-linux-gnueabi/bin//arm-none-linux-gnueabi-ar
configure:5313: result: arm-none-linux-gnueabi-ar
configure:5394: checking for archiver @FILE support
configure:5411: arm-none-linux-gnueabi-gcc -c -g -O2  conftest.c >&5
configure:5411: $? = 0
configure:5414: arm-none-linux-gnueabi-ar cru libconftest.a @conftest.lst >&5
configure:5417: $? = 0
configure:5422: arm-none-linux-gnueabi-ar cru libconftest.a @conftest.lst >&5
arm-none-linux-gnueabi-ar: conftest.o: No such file or directory
configure:5425: $? = 1
configure:5437: result: @
configure:5455: checking for arm-none-linux-gnueabi-strip
configure:5482: result: arm-none-linux-gnueabi-strip
configure:5554: checking for arm-none-linux-gnueabi-ranlib
configure:5570: found /home/xxha/cross_compile/gcc-4.1.2-glibc-2.5-nptl-3/arm-none-linux-gnueabi/bin//arm-none-linux-gnueabi-ranlib
configure:5581: result: arm-none-linux-gnueabi-ranlib
configure:5723: checking command to parse /home/xxha/cross_compile/gcc-4.1.2-glibc-2.5-nptl-3/arm-none-linux-gnueabi/bin//arm-none-linux-gnueabi-nm -B output from arm-none-linux-gnueabi-gcc object
configure:5843: arm-none-linux-gnueabi-gcc -c -g -O2  conftest.c >&5
configure:5846: $? = 0
configure:5850: /home/xxha/cross_compile/gcc-4.1.2-glibc-2.5-nptl-3/arm-none-linux-gnueabi/bin//arm-none-linux-gnueabi-nm -B conftest.o \| sed -n -e 's/^.*[ ]\([ABCDGIRSTW][ABCDGIRSTW]*\)[ ][ ]*\([_A-Za-z][_A-Za-z0-9]*\)$/\1 \2 \2/p' | sed '/ __gnu_lto/d' \> conftest.nm
configure:5853: $? = 0
configure:5919: arm-none-linux-gnueabi-gcc -o conftest -g -O2   conftest.c conftstm.o >&5
configure:5922: $? = 0
configure:5960: result: ok
configure:5997: checking for sysroot
configure:6027: result: no
configure:6243: checking for arm-none-linux-gnueabi-mt
configure:6273: result: no
configure:6283: checking for mt
configure:6299: found /bin/mt
configure:6310: result: mt
configure:6322: WARNING: using cross tools not prefixed with host triplet
configure:6333: checking if mt is a manifest tool
configure:6339: mt '-?'
configure:6347: result: no
configure:6989: checking how to run the C preprocessor
configure:7020: arm-none-linux-gnueabi-gcc -E  conftest.c
configure:7020: $? = 0
configure:7034: arm-none-linux-gnueabi-gcc -E  conftest.c
conftest.c:11:28: error: ac_nonexistent.h: No such file or directory
configure:7034: $? = 1
configure: failed program was:
| /* confdefs.h */
| #define PACKAGE_NAME "libusb-compat"
| #define PACKAGE_TARNAME "libusb-compat"
| #define PACKAGE_VERSION "0.1.5"
| #define PACKAGE_STRING "libusb-compat 0.1.5"
| #define PACKAGE_BUGREPORT ""
| #define PACKAGE_URL ""
| #define PACKAGE "libusb-compat"
| #define VERSION "0.1.5"
| /* end confdefs.h.  */
| #include <ac_nonexistent.h>
configure:7059: result: arm-none-linux-gnueabi-gcc -E
configure:7079: arm-none-linux-gnueabi-gcc -E  conftest.c
configure:7079: $? = 0
configure:7093: arm-none-linux-gnueabi-gcc -E  conftest.c
conftest.c:11:28: error: ac_nonexistent.h: No such file or directory
configure:7093: $? = 1
configure: failed program was:
| /* confdefs.h */
| #define PACKAGE_NAME "libusb-compat"
| #define PACKAGE_TARNAME "libusb-compat"
| #define PACKAGE_VERSION "0.1.5"
| #define PACKAGE_STRING "libusb-compat 0.1.5"
| #define PACKAGE_BUGREPORT ""
| #define PACKAGE_URL ""
| #define PACKAGE "libusb-compat"
| #define VERSION "0.1.5"
| /* end confdefs.h.  */
| #include <ac_nonexistent.h>
configure:7122: checking for ANSI C header files
configure:7142: arm-none-linux-gnueabi-gcc -c -g -O2  conftest.c >&5
configure:7142: $? = 0
configure:7226: result: yes
configure:7239: checking for sys/types.h
configure:7239: arm-none-linux-gnueabi-gcc -c -g -O2  conftest.c >&5
configure:7239: $? = 0
configure:7239: result: yes
configure:7239: checking for sys/stat.h
configure:7239: arm-none-linux-gnueabi-gcc -c -g -O2  conftest.c >&5
configure:7239: $? = 0
configure:7239: result: yes
configure:7239: checking for stdlib.h
configure:7239: arm-none-linux-gnueabi-gcc -c -g -O2  conftest.c >&5
configure:7239: $? = 0
configure:7239: result: yes
configure:7239: checking for string.h
configure:7239: arm-none-linux-gnueabi-gcc -c -g -O2  conftest.c >&5
configure:7239: $? = 0
configure:7239: result: yes
configure:7239: checking for memory.h
configure:7239: arm-none-linux-gnueabi-gcc -c -g -O2  conftest.c >&5
configure:7239: $? = 0
configure:7239: result: yes
configure:7239: checking for strings.h
configure:7239: arm-none-linux-gnueabi-gcc -c -g -O2  conftest.c >&5
configure:7239: $? = 0
configure:7239: result: yes
configure:7239: checking for inttypes.h
configure:7239: arm-none-linux-gnueabi-gcc -c -g -O2  conftest.c >&5
configure:7239: $? = 0
configure:7239: result: yes
configure:7239: checking for stdint.h
configure:7239: arm-none-linux-gnueabi-gcc -c -g -O2  conftest.c >&5
configure:7239: $? = 0
configure:7239: result: yes
configure:7239: checking for unistd.h
configure:7239: arm-none-linux-gnueabi-gcc -c -g -O2  conftest.c >&5
configure:7239: $? = 0
configure:7239: result: yes
configure:7253: checking for dlfcn.h
configure:7253: arm-none-linux-gnueabi-gcc -c -g -O2  conftest.c >&5
configure:7253: $? = 0
configure:7253: result: yes
configure:7459: checking for objdir
configure:7474: result: .libs
configure:7745: checking if arm-none-linux-gnueabi-gcc supports -fno-rtti -fno-exceptions
configure:7763: arm-none-linux-gnueabi-gcc -c -g -O2  -fno-rtti -fno-exceptions conftest.c >&5
cc1: warning: command line option "-fno-rtti" is valid for C++/ObjC++ but not for C
configure:7767: $? = 0
configure:7780: result: no
configure:8107: checking for arm-none-linux-gnueabi-gcc option to produce PIC
configure:8114: result: -fPIC -DPIC
configure:8122: checking if arm-none-linux-gnueabi-gcc PIC flag -fPIC -DPIC works
configure:8140: arm-none-linux-gnueabi-gcc -c -g -O2  -fPIC -DPIC -DPIC conftest.c >&5
configure:8144: $? = 0
configure:8157: result: yes
configure:8186: checking if arm-none-linux-gnueabi-gcc static flag -static works
configure:8214: result: yes
configure:8229: checking if arm-none-linux-gnueabi-gcc supports -c -o file.o
configure:8250: arm-none-linux-gnueabi-gcc -c -g -O2  -o out/conftest2.o conftest.c >&5
configure:8254: $? = 0
configure:8276: result: yes
configure:8284: checking if arm-none-linux-gnueabi-gcc supports -c -o file.o
configure:8331: result: yes
configure:8364: checking whether the arm-none-linux-gnueabi-gcc linker (/home/xxha/cross_compile/gcc-4.1.2-glibc-2.5-nptl-3/arm-none-linux-gnueabi/arm-none-linux-gnueabi/bin/ld) supports shared libraries
configure:9517: result: yes
configure:9554: checking whether -lc should be explicitly linked in
configure:9562: arm-none-linux-gnueabi-gcc -c -g -O2  conftest.c >&5
configure:9565: $? = 0
configure:9580: arm-none-linux-gnueabi-gcc -shared  -fPIC -DPIC conftest.o  -v -Wl,-soname -Wl,conftest -o conftest 2\>\&1 \| /bin/grep  -lc  \>/dev/null 2\>\&1
configure:9583: $? = 0
configure:9597: result: no
configure:9757: checking dynamic linker characteristics
configure:10268: arm-none-linux-gnueabi-gcc -o conftest -g -O2   -Wl,-rpath -Wl,/foo conftest.c  >&5
configure:10268: $? = 0
configure:10490: result: GNU/Linux ld.so
configure:10597: checking how to hardcode library paths into programs
configure:10622: result: immediate
configure:11162: checking whether stripping libraries is possible
configure:11167: result: yes
configure:11202: checking if libtool supports shared libraries
configure:11204: result: yes
configure:11207: checking whether to build shared libraries
configure:11228: result: yes
configure:11231: checking whether to build static libraries
configure:11235: result: yes
configure:11272: checking for inline
configure:11288: arm-none-linux-gnueabi-gcc -c -g -O2  conftest.c >&5
configure:11288: $? = 0
configure:11296: result: inline
configure:11315: checking whether arm-none-linux-gnueabi-gcc and cc understand -c and -o together
configure:11346: arm-none-linux-gnueabi-gcc -c conftest.c -o conftest2.o >&5
configure:11350: $? = 0
configure:11356: arm-none-linux-gnueabi-gcc -c conftest.c -o conftest2.o >&5
configure:11360: $? = 0
configure:11371: cc -c conftest.c >&5
configure:11375: $? = 0
configure:11383: cc -c conftest.c -o conftest2.o >&5
configure:11387: $? = 0
configure:11393: cc -c conftest.c -o conftest2.o >&5
configure:11397: $? = 0
configure:11415: result: yes
configure:11464: checking for arm-none-linux-gnueabi-pkg-config
configure:11497: result: no
configure:11507: checking for pkg-config
configure:11525: found /usr/bin/pkg-config
configure:11537: result: /usr/bin/pkg-config
configure:11562: checking pkg-config is at least version 0.9.0
configure:11565: result: yes
configure:11575: checking for LIBUSB_1_0
configure:11582: $PKG_CONFIG --exists --print-errors "libusb-1.0 >= 0.9.1"
configure:11585: $? = 0
configure:11599: $PKG_CONFIG --exists --print-errors "libusb-1.0 >= 0.9.1"
configure:11602: $? = 0
configure:11660: result: yes
configure:11725: arm-none-linux-gnueabi-gcc -c -g -O2 -fgnu89-inline  conftest.c >&5
cc1: error: unrecognized command line option "-fgnu89-inline"
configure:11725: $? = 1
configure: failed program was:
| /* confdefs.h */
| #define PACKAGE_NAME "libusb-compat"
| #define PACKAGE_TARNAME "libusb-compat"
| #define PACKAGE_VERSION "0.1.5"
| #define PACKAGE_STRING "libusb-compat 0.1.5"
| #define PACKAGE_BUGREPORT ""
| #define PACKAGE_URL ""
| #define PACKAGE "libusb-compat"
| #define VERSION "0.1.5"
| #define STDC_HEADERS 1
| #define HAVE_SYS_TYPES_H 1
| #define HAVE_SYS_STAT_H 1
| #define HAVE_STDLIB_H 1
| #define HAVE_STRING_H 1
| #define HAVE_MEMORY_H 1
| #define HAVE_STRINGS_H 1
| #define HAVE_INTTYPES_H 1
| #define HAVE_STDINT_H 1
| #define HAVE_UNISTD_H 1
| #define HAVE_DLFCN_H 1
| #define LT_OBJDIR ".libs/"
| #define ENABLE_LOGGING 1
| /* end confdefs.h.  */
| 
| int
| main ()
| {
| 
|   ;
|   return 0;
| }
configure:11853: checking that generated files are newer than configure
configure:11859: result: done
configure:11886: creating ./config.status

## ---------------------- ##
## Running config.status. ##
## ---------------------- ##

This file was extended by libusb-compat config.status 0.1.5, which was
generated by GNU Autoconf 2.69.  Invocation command line was

  CONFIG_FILES    = 
  CONFIG_HEADERS  = 
  CONFIG_LINKS    = 
  CONFIG_COMMANDS = 
  $ ./config.status 

on xxha-PAF4

config.status:1100: creating libusb.pc
config.status:1100: creating libusb-config
config.status:1100: creating Makefile
config.status:1100: creating libusb/Makefile
config.status:1100: creating examples/Makefile
config.status:1100: creating config.h
config.status:1281: config.h is unchanged
config.status:1329: executing depfiles commands
config.status:1329: executing libtool commands
config.status:1329: executing default commands

## ---------------- ##
## Cache variables. ##
## ---------------- ##

ac_cv_build=i686-pc-linux-gnu
ac_cv_c_compiler_gnu=yes
ac_cv_c_inline=inline
ac_cv_env_CC_set=
ac_cv_env_CC_value=
ac_cv_env_CFLAGS_set=
ac_cv_env_CFLAGS_value=
ac_cv_env_CPPFLAGS_set=
ac_cv_env_CPPFLAGS_value=
ac_cv_env_CPP_set=
ac_cv_env_CPP_value=
ac_cv_env_LDFLAGS_set=
ac_cv_env_LDFLAGS_value=
ac_cv_env_LIBS_set=
ac_cv_env_LIBS_value=
ac_cv_env_LIBUSB_1_0_CFLAGS_set=
ac_cv_env_LIBUSB_1_0_CFLAGS_value=
ac_cv_env_LIBUSB_1_0_LIBS_set=
ac_cv_env_LIBUSB_1_0_LIBS_value=
ac_cv_env_PKG_CONFIG_LIBDIR_set=
ac_cv_env_PKG_CONFIG_LIBDIR_value=
ac_cv_env_PKG_CONFIG_PATH_set=
ac_cv_env_PKG_CONFIG_PATH_value=
ac_cv_env_PKG_CONFIG_set=
ac_cv_env_PKG_CONFIG_value=
ac_cv_env_build_alias_set=
ac_cv_env_build_alias_value=
ac_cv_env_host_alias_set=set
ac_cv_env_host_alias_value=arm-none-linux-gnueabi
ac_cv_env_target_alias_set=
ac_cv_env_target_alias_value=
ac_cv_header_dlfcn_h=yes
ac_cv_header_inttypes_h=yes
ac_cv_header_memory_h=yes
ac_cv_header_stdc=yes
ac_cv_header_stdint_h=yes
ac_cv_header_stdlib_h=yes
ac_cv_header_string_h=yes
ac_cv_header_strings_h=yes
ac_cv_header_sys_stat_h=yes
ac_cv_header_sys_types_h=yes
ac_cv_header_unistd_h=yes
ac_cv_host=arm-none-linux-gnueabi
ac_cv_objext=o
ac_cv_path_EGREP='/bin/grep -E'
ac_cv_path_FGREP='/bin/grep -F'
ac_cv_path_GREP=/bin/grep
ac_cv_path_SED=/bin/sed
ac_cv_path_ac_pt_PKG_CONFIG=/usr/bin/pkg-config
ac_cv_path_install='/usr/bin/install -c'
ac_cv_path_mkdir=/bin/mkdir
ac_cv_prog_AR=arm-none-linux-gnueabi-ar
ac_cv_prog_AWK=gawk
ac_cv_prog_CC=arm-none-linux-gnueabi-gcc
ac_cv_prog_CPP='arm-none-linux-gnueabi-gcc -E'
ac_cv_prog_OBJDUMP=arm-none-linux-gnueabi-objdump
ac_cv_prog_RANLIB=arm-none-linux-gnueabi-ranlib
ac_cv_prog_STRIP=arm-none-linux-gnueabi-strip
ac_cv_prog_ac_ct_MANIFEST_TOOL=mt
ac_cv_prog_cc_arm_none_linux_gnueabi_gcc_c_o=yes
ac_cv_prog_cc_c89=
ac_cv_prog_cc_g=yes
ac_cv_prog_make_make_set=yes
am_cv_CC_dependencies_compiler_type=gcc3
am_cv_make_support_nested_variables=yes
lt_cv_ar_at_file=@
lt_cv_archive_cmds_need_lc=no
lt_cv_deplibs_check_method=pass_all
lt_cv_file_magic_cmd='$MAGIC_CMD'
lt_cv_file_magic_test_file=
lt_cv_ld_reload_flag=-r
lt_cv_nm_interface='BSD nm'
lt_cv_objdir=.libs
lt_cv_path_LD=/home/xxha/cross_compile/gcc-4.1.2-glibc-2.5-nptl-3/arm-none-linux-gnueabi/arm-none-linux-gnueabi/bin/ld
lt_cv_path_NM='/home/xxha/cross_compile/gcc-4.1.2-glibc-2.5-nptl-3/arm-none-linux-gnueabi/bin//arm-none-linux-gnueabi-nm -B'
lt_cv_path_mainfest_tool=no
lt_cv_prog_compiler_c_o=yes
lt_cv_prog_compiler_pic='-fPIC -DPIC'
lt_cv_prog_compiler_pic_works=yes
lt_cv_prog_compiler_rtti_exceptions=no
lt_cv_prog_compiler_static_works=yes
lt_cv_prog_gnu_ld=yes
lt_cv_sharedlib_from_linklib_cmd='printf %s\n'
lt_cv_shlibpath_overrides_runpath=no
lt_cv_sys_global_symbol_pipe='sed -n -e '\''s/^.*[	 ]\([ABCDGIRSTW][ABCDGIRSTW]*\)[	 ][	 ]*\([_A-Za-z][_A-Za-z0-9]*\)$/\1 \2 \2/p'\'' | sed '\''/ __gnu_lto/d'\'''
lt_cv_sys_global_symbol_to_c_name_address='sed -n -e '\''s/^: \([^ ]*\)[ ]*$/  {\"\1\", (void *) 0},/p'\'' -e '\''s/^[ABCDGIRSTW]* \([^ ]*\) \([^ ]*\)$/  {"\2", (void *) \&\2},/p'\'''
lt_cv_sys_global_symbol_to_c_name_address_lib_prefix='sed -n -e '\''s/^: \([^ ]*\)[ ]*$/  {\"\1\", (void *) 0},/p'\'' -e '\''s/^[ABCDGIRSTW]* \([^ ]*\) \(lib[^ ]*\)$/  {"\2", (void *) \&\2},/p'\'' -e '\''s/^[ABCDGIRSTW]* \([^ ]*\) \([^ ]*\)$/  {"lib\2", (void *) \&\2},/p'\'''
lt_cv_sys_global_symbol_to_cdecl='sed -n -e '\''s/^T .* \(.*\)$/extern int \1();/p'\'' -e '\''s/^[ABCDGIRSTW]* .* \(.*\)$/extern char \1;/p'\'''
lt_cv_sys_max_cmd_len=1572864
lt_cv_to_host_file_cmd=func_convert_file_noop
lt_cv_to_tool_file_cmd=func_convert_file_noop
pkg_cv_LIBUSB_1_0_CFLAGS='-I/usr/local/include/libusb-1.0  '
pkg_cv_LIBUSB_1_0_LIBS='-L/usr/local/lib -lusb-1.0  '

## ----------------- ##
## Output variables. ##
## ----------------- ##

ACLOCAL='${SHELL} /home/xxha/tools/libusb/libusb-compat-0.1.5/missing aclocal-1.13'
AMDEPBACKSLASH='\'
AMDEP_FALSE='#'
AMDEP_TRUE=''
AMTAR='$${TAR-tar}'
AM_BACKSLASH='\'
AM_CFLAGS='-std=gnu99  -Wall -Wundef -Wunused -Wstrict-prototypes -Werror-implicit-function-declaration -Wno-pointer-sign -Wshadow'
AM_DEFAULT_V='$(AM_DEFAULT_VERBOSITY)'
AM_DEFAULT_VERBOSITY='1'
AM_V='$(V)'
AR='arm-none-linux-gnueabi-ar'
AUTOCONF='${SHELL} /home/xxha/tools/libusb/libusb-compat-0.1.5/missing autoconf'
AUTOHEADER='${SHELL} /home/xxha/tools/libusb/libusb-compat-0.1.5/missing autoheader'
AUTOMAKE='${SHELL} /home/xxha/tools/libusb/libusb-compat-0.1.5/missing automake-1.13'
AWK='gawk'
BUILD_EXAMPLES_FALSE=''
BUILD_EXAMPLES_TRUE='#'
CC='arm-none-linux-gnueabi-gcc'
CCDEPMODE='depmode=gcc3'
CFLAGS='-g -O2'
CPP='arm-none-linux-gnueabi-gcc -E'
CPPFLAGS=''
CYGPATH_W='echo'
DEFS='-DHAVE_CONFIG_H'
DEPDIR='.deps'
DLLTOOL='false'
DSYMUTIL=''
DUMPBIN=''
ECHO_C=''
ECHO_N='-n'
ECHO_T=''
EGREP='/bin/grep -E'
EXEEXT=''
FGREP='/bin/grep -F'
GREP='/bin/grep'
INSTALL_DATA='${INSTALL} -m 644'
INSTALL_PROGRAM='${INSTALL}'
INSTALL_SCRIPT='${INSTALL}'
INSTALL_STRIP_PROGRAM='$(install_sh) -c -s'
LD='/home/xxha/cross_compile/gcc-4.1.2-glibc-2.5-nptl-3/arm-none-linux-gnueabi/arm-none-linux-gnueabi/bin/ld'
LDFLAGS=''
LIBOBJS=''
LIBS=''
LIBTOOL='$(SHELL) $(top_builddir)/libtool'
LIBUSB01_VERSION='0.1.12'
LIBUSB_1_0_CFLAGS='-I/usr/local/include/libusb-1.0  '
LIBUSB_1_0_LIBS='-L/usr/local/lib -lusb-1.0  '
LIPO=''
LN_S='ln -s'
LTLIBOBJS=''
LT_AGE='4'
LT_MAJOR='8'
LT_REVISION='4'
MAKEINFO='${SHELL} /home/xxha/tools/libusb/libusb-compat-0.1.5/missing makeinfo'
MANIFEST_TOOL=':'
MKDIR_P='/bin/mkdir -p'
NM='/home/xxha/cross_compile/gcc-4.1.2-glibc-2.5-nptl-3/arm-none-linux-gnueabi/bin//arm-none-linux-gnueabi-nm -B'
NMEDIT=''
OBJDUMP='arm-none-linux-gnueabi-objdump'
OBJEXT='o'
OTOOL64=''
OTOOL=''
PACKAGE='libusb-compat'
PACKAGE_BUGREPORT=''
PACKAGE_NAME='libusb-compat'
PACKAGE_STRING='libusb-compat 0.1.5'
PACKAGE_TARNAME='libusb-compat'
PACKAGE_URL=''
PACKAGE_VERSION='0.1.5'
PATH_SEPARATOR=':'
PKG_CONFIG='/usr/bin/pkg-config'
PKG_CONFIG_LIBDIR=''
PKG_CONFIG_PATH=''
RANLIB='arm-none-linux-gnueabi-ranlib'
SED='/bin/sed'
SET_MAKE=''
SHELL='/bin/sh'
STRIP='arm-none-linux-gnueabi-strip'
VERSION='0.1.5'
ac_ct_AR=''
ac_ct_CC=''
ac_ct_DUMPBIN=''
am__EXEEXT_FALSE=''
am__EXEEXT_TRUE='#'
am__fastdepCC_FALSE='#'
am__fastdepCC_TRUE=''
am__include='include'
am__isrc=''
am__leading_dot='.'
am__nodep='_no'
am__quote=''
am__tar='$${TAR-tar} chof - "$$tardir"'
am__untar='$${TAR-tar} xf -'
bindir='${exec_prefix}/bin'
build='i686-pc-linux-gnu'
build_alias=''
build_cpu='i686'
build_os='linux-gnu'
build_vendor='pc'
datadir='${datarootdir}'
datarootdir='${prefix}/share'
docdir='${datarootdir}/doc/${PACKAGE_TARNAME}'
dvidir='${docdir}'
exec_prefix='${prefix}'
host='arm-none-linux-gnueabi'
host_alias='arm-none-linux-gnueabi'
host_cpu='arm'
host_os='linux-gnueabi'
host_vendor='none'
htmldir='${docdir}'
includedir='${prefix}/include'
infodir='${datarootdir}/info'
install_sh='${SHELL} /home/xxha/tools/libusb/libusb-compat-0.1.5/install-sh'
libdir='${exec_prefix}/lib'
libexecdir='${exec_prefix}/libexec'
localedir='${datarootdir}/locale'
localstatedir='${prefix}/var'
mandir='${datarootdir}/man'
mkdir_p='$(MKDIR_P)'
oldincludedir='/usr/include'
pdfdir='${docdir}'
prefix='/usr/local'
program_transform_name='s,x,x,'
psdir='${docdir}'
sbindir='${exec_prefix}/sbin'
sharedstatedir='${prefix}/com'
sysconfdir='${prefix}/etc'
target_alias=''

## ----------- ##
## confdefs.h. ##
## ----------- ##

/* confdefs.h */
#define PACKAGE_NAME "libusb-compat"
#define PACKAGE_TARNAME "libusb-compat"
#define PACKAGE_VERSION "0.1.5"
#define PACKAGE_STRING "libusb-compat 0.1.5"
#define PACKAGE_BUGREPORT ""
#define PACKAGE_URL ""
#define PACKAGE "libusb-compat"
#define VERSION "0.1.5"
#define STDC_HEADERS 1
#define HAVE_SYS_TYPES_H 1
#define HAVE_SYS_STAT_H 1
#define HAVE_STDLIB_H 1
#define HAVE_STRING_H 1
#define HAVE_MEMORY_H 1
#define HAVE_STRINGS_H 1
#define HAVE_INTTYPES_H 1
#define HAVE_STDINT_H 1
#define HAVE_UNISTD_H 1
#define HAVE_DLFCN_H 1
#define LT_OBJDIR ".libs/"
#define ENABLE_LOGGING 1
#define API_EXPORTED __attribute__((visibility("default")))

configure: exit 0
